<?xml version="1.0" encoding="utf-8" ?>
<!DOCTYPE html PUBLIC "-//W3C//DTD XHTML 1.0 Strict//EN"
        "http://www.w3.org/TR/xhtml1/DTD/xhtml1-strict.dtd">
<html xmlns="http://www.w3.org/1999/xhtml" xml:lang="" lang="">
<head>
  <title>Test Results Report - Login Test</title>
  <meta http-equiv="Content-Type" content="text/html;charset=utf-8" />
  <meta name="description" content="TestNG unit test results." />
  <link href="reportng.css" rel="stylesheet" type="text/css" />
    <script type="text/javascript" src="reportng.js"></script>
</head>
<body>
<h1>Login Test</h1>
<p>
  Test duration: 199.551s
</p>



  <table class="resultsTable">
    <tr><th colspan="3" class="header failed">Failed Tests</th></tr>
          <tr>
        <td colspan="3" class="group">com.tutorialsninja.demo.testsuite.DesktopsTest</td>
      </tr>
            
<tr>
  <td class="method">
                  verifyProductAddedToShoppingCartSuccessFullyWithData
      </td>
  <td class="duration">
    75.048s
  </td>
  <td class="result">
        
          <i>Method arguments: </i><span class="arguments">"HP LP3065", "1", "Success: You have added HP LP3065 to your shopping cart!", "HP LP3065", "Product 21", "£74.73"</span><br />
    
            <div class="testOutput">
                        Click on desktop [[ChromeDriver: chrome on windows (df8f9bf4d02d258b09700c98fbbc3944)] -&gt; link text: Desktops]<br />
                                Select Show AllDesktops from [[[ChromeDriver: chrome on windows (df8f9bf4d02d258b09700c98fbbc3944)] -&gt; xpath: //nav[@id=&apos;menu&apos;]//ul/li[contains(@class, &apos;open&apos;)]/div/child::*], [[ChromeDriver: chrome on windows (df8f9bf4d02d258b09700c98fbbc3944)] -&gt; xpath: //nav[@id=&apos;menu&apos;]//ul/li[contains(@class, &apos;open&apos;)]/div/child::*]]<br />
                                Select Name (A - Z) to sort by [[ChromeDriver: chrome on windows (df8f9bf4d02d258b09700c98fbbc3944)] -&gt; id: input-sort]<br />
                                Click on HP LP3065<br />
                                Clear the text on [[ChromeDriver: chrome on windows (df8f9bf4d02d258b09700c98fbbc3944)] -&gt; xpath: //input[@id=&apos;input-quantity&apos;]]<br />
                                Click on [[ChromeDriver: chrome on windows (df8f9bf4d02d258b09700c98fbbc3944)] -&gt; id: button-cart]<br />
                                Get Proxy element for: DefaultElementLocator &apos;By.xpath: //div[@class=&apos;alert alert-success alert-dismissible&apos;]&apos;<br />
                  </div>
    

        <a href="javascript:toggleElement('exception-0', 'block')" title="Click to expand/collapse"><b>org.openqa.selenium.NoSuchElementException: no such element: Unable to locate element: {&quot;method&quot;:&quot;xpath&quot;,&quot;selector&quot;:&quot;//div[@class=&apos;alert alert-success alert-dismissible&apos;]&quot;}<br/>
&nbsp; (Session info: chrome=126.0.6478.61)<br/>
For documentation on this error, please visit: https://www.selenium.dev/documentation/webdriver/troubleshooting/errors#no-such-element-exception<br/>
Build info: version: &apos;4.21.0&apos;, revision: &apos;79ed462ef4&apos;<br/>
System info: os.name: &apos;Windows 11&apos;, os.arch: &apos;amd64&apos;, os.version: &apos;10.0&apos;, java.version: &apos;17.0.8&apos;<br/>
Driver info: org.openqa.selenium.chrome.ChromeDriver<br/>
Command: [df8f9bf4d02d258b09700c98fbbc3944, findElement {value=//div[@class=&apos;alert alert-success alert-dismissible&apos;], using=xpath}]<br/>
Capabilities {acceptInsecureCerts: false, browserName: chrome, browserVersion: 126.0.6478.61, chrome: {chromedriverVersion: 126.0.6478.61 (8dc092df54ce..., userDataDir: C:\Users\Priya\AppData\Loca...}, fedcm:accounts: true, goog:chromeOptions: {debuggerAddress: localhost:52362}, networkConnectionEnabled: false, pageLoadStrategy: normal, platformName: windows, proxy: Proxy(), se:cdp: ws://localhost:52362/devtoo..., se:cdpVersion: 126.0.6478.61, setWindowRect: true, strictFileInteractability: false, timeouts: {implicit: 0, pageLoad: 300000, script: 30000}, unhandledPromptBehavior: dismiss and notify, webauthn:extension:credBlob: true, webauthn:extension:largeBlob: true, webauthn:extension:minPinLength: true, webauthn:extension:prf: true, webauthn:virtualAuthenticators: true}<br/>
Session ID: df8f9bf4d02d258b09700c98fbbc3944</b></a><br />
    <div class="stackTrace" id="exception-0">
              java.base/jdk.internal.reflect.NativeConstructorAccessorImpl.newInstance0(Native Method)<br />
              java.base/jdk.internal.reflect.NativeConstructorAccessorImpl.newInstance(NativeConstructorAccessorImpl.java:77)<br />
              java.base/jdk.internal.reflect.DelegatingConstructorAccessorImpl.newInstance(DelegatingConstructorAccessorImpl.java:45)<br />
              java.base/java.lang.reflect.Constructor.newInstanceWithCaller(Constructor.java:499)<br />
              java.base/java.lang.reflect.Constructor.newInstance(Constructor.java:480)<br />
              org.openqa.selenium.remote.ErrorCodec.decode(ErrorCodec.java:167)<br />
              org.openqa.selenium.remote.codec.w3c.W3CHttpResponseCodec.decode(W3CHttpResponseCodec.java:138)<br />
              org.openqa.selenium.remote.codec.w3c.W3CHttpResponseCodec.decode(W3CHttpResponseCodec.java:50)<br />
              org.openqa.selenium.remote.HttpCommandExecutor.execute(HttpCommandExecutor.java:190)<br />
              org.openqa.selenium.remote.service.DriverCommandExecutor.invokeExecute(DriverCommandExecutor.java:216)<br />
              org.openqa.selenium.remote.service.DriverCommandExecutor.execute(DriverCommandExecutor.java:174)<br />
              org.openqa.selenium.remote.RemoteWebDriver.execute(RemoteWebDriver.java:518)<br />
              org.openqa.selenium.remote.ElementLocation$ElementFinder$2.findElement(ElementLocation.java:165)<br />
              org.openqa.selenium.remote.ElementLocation.findElement(ElementLocation.java:59)<br />
              org.openqa.selenium.remote.RemoteWebDriver.findElement(RemoteWebDriver.java:355)<br />
              org.openqa.selenium.remote.RemoteWebDriver.findElement(RemoteWebDriver.java:349)<br />
              org.openqa.selenium.support.pagefactory.DefaultElementLocator.findElement(DefaultElementLocator.java:68)<br />
              org.openqa.selenium.support.pagefactory.internal.LocatingElementHandler.invoke(LocatingElementHandler.java:38)<br />
              jdk.proxy2/jdk.proxy2.$Proxy17.getText(Unknown Source)<br />
              com.tutorialsninja.demo.utility.Utility.getTextFromElement(Utility.java:64)<br />
              com.tutorialsninja.demo.pages.DesktopPage.getSuccessAlertMsg(DesktopPage.java:171)<br />
              com.tutorialsninja.demo.testsuite.DesktopsTest.verifyProductAddedToShoppingCartSuccessFullyWithData(DesktopsTest.java:172)<br />
              java.base/jdk.internal.reflect.NativeMethodAccessorImpl.invoke0(Native Method)<br />
              java.base/jdk.internal.reflect.NativeMethodAccessorImpl.invoke(NativeMethodAccessorImpl.java:77)<br />
              java.base/jdk.internal.reflect.DelegatingMethodAccessorImpl.invoke(DelegatingMethodAccessorImpl.java:43)<br />
              java.base/java.lang.reflect.Method.invoke(Method.java:568)<br />
              org.testng.internal.invokers.MethodInvocationHelper.invokeMethod(MethodInvocationHelper.java:141)<br />
              org.testng.internal.invokers.TestInvoker.invokeMethod(TestInvoker.java:686)<br />
              org.testng.internal.invokers.TestInvoker.invokeTestMethod(TestInvoker.java:230)<br />
              org.testng.internal.invokers.MethodRunner.runInSequence(MethodRunner.java:63)<br />
              org.testng.internal.invokers.TestInvoker$MethodInvocationAgent.invoke(TestInvoker.java:992)<br />
              org.testng.internal.invokers.TestInvoker.invokeTestMethods(TestInvoker.java:203)<br />
              org.testng.internal.invokers.TestMethodWorker.invokeTestMethods(TestMethodWorker.java:154)<br />
              org.testng.internal.invokers.TestMethodWorker.run(TestMethodWorker.java:134)<br />
              java.base/java.util.ArrayList.forEach(ArrayList.java:1511)<br />
              org.testng.TestRunner.privateRun(TestRunner.java:739)<br />
              org.testng.TestRunner.run(TestRunner.java:614)<br />
              org.testng.SuiteRunner.runTest(SuiteRunner.java:421)<br />
              org.testng.SuiteRunner.runSequentially(SuiteRunner.java:413)<br />
              org.testng.SuiteRunner.privateRun(SuiteRunner.java:373)<br />
              org.testng.SuiteRunner.run(SuiteRunner.java:312)<br />
              org.testng.SuiteRunnerWorker.runSuite(SuiteRunnerWorker.java:52)<br />
              org.testng.SuiteRunnerWorker.run(SuiteRunnerWorker.java:95)<br />
              org.testng.TestNG.runSuitesSequentially(TestNG.java:1274)<br />
              org.testng.TestNG.runSuitesLocally(TestNG.java:1208)<br />
              org.testng.TestNG.runSuites(TestNG.java:1112)<br />
              org.testng.TestNG.run(TestNG.java:1079)<br />
              com.intellij.rt.testng.IDEARemoteTestNG.run(IDEARemoteTestNG.java:65)<br />
              com.intellij.rt.testng.RemoteTestNGStarter.main(RemoteTestNGStarter.java:105)<br />
                </div>
      </td>
</tr>
          <tr>
        <td colspan="3" class="group">com.tutorialsninja.demo.testsuite.LaptopsAndNotebooksTest</td>
      </tr>
            
<tr>
  <td class="method">
                  verifyThatUserPlaceOrderSuccessfully
      </td>
  <td class="duration">
    65.210s
  </td>
  <td class="result">
        
    
            <div class="testOutput">
                        Click on laptops and notebooks [[ChromeDriver: chrome on windows (6fe45f2e9fe73f1e2cd337a7bc4ecf2f)] -&gt; link text: Laptops &amp; Notebooks]<br />
                                Select Show AllLaptops &amp; Notebooks from [[[ChromeDriver: chrome on windows (6fe45f2e9fe73f1e2cd337a7bc4ecf2f)] -&gt; xpath: //nav[@id=&apos;menu&apos;]//ul/li[contains(@class, &apos;open&apos;)]/div/child::*], [[ChromeDriver: chrome on windows (6fe45f2e9fe73f1e2cd337a7bc4ecf2f)] -&gt; xpath: //nav[@id=&apos;menu&apos;]//ul/li[contains(@class, &apos;open&apos;)]/div/child::*]]<br />
                                Select option from [[ChromeDriver: chrome on windows (6fe45f2e9fe73f1e2cd337a7bc4ecf2f)] -&gt; id: input-sort]<br />
                                Select MacBook from [[[ChromeDriver: chrome on windows (6fe45f2e9fe73f1e2cd337a7bc4ecf2f)] -&gt; xpath: //h4/a], [[ChromeDriver: chrome on windows (6fe45f2e9fe73f1e2cd337a7bc4ecf2f)] -&gt; xpath: //h4/a], [[ChromeDriver: chrome on windows (6fe45f2e9fe73f1e2cd337a7bc4ecf2f)] -&gt; xpath: //h4/a], [[ChromeDriver: chrome on windows (6fe45f2e9fe73f1e2cd337a7bc4ecf2f)] -&gt; xpath: //h4/a], [[ChromeDriver: chrome on windows (6fe45f2e9fe73f1e2cd337a7bc4ecf2f)] -&gt; xpath: //h4/a]]<br />
                                Get text[[ChromeDriver: chrome on windows (6fe45f2e9fe73f1e2cd337a7bc4ecf2f)] -&gt; xpath: //div[@id = &apos;content&apos;]//h1]<br />
                                Click on [[ChromeDriver: chrome on windows (6fe45f2e9fe73f1e2cd337a7bc4ecf2f)] -&gt; xpath: //button[@id=&apos;button-cart&apos;]]<br />
                                Get success message [[ChromeDriver: chrome on windows (6fe45f2e9fe73f1e2cd337a7bc4ecf2f)] -&gt; css selector: body:nth-child(2) div.container:nth-child(4) &gt; div.alert.alert-success.alert-dismissible]<br />
                                Click on shopping cart [[ChromeDriver: chrome on windows (6fe45f2e9fe73f1e2cd337a7bc4ecf2f)] -&gt; xpath: //a[contains(text(),&apos;shopping cart&apos;)]]<br />
                                Get text [[ChromeDriver: chrome on windows (6fe45f2e9fe73f1e2cd337a7bc4ecf2f)] -&gt; xpath: //div[@id=&apos;content&apos;]//h1]<br />
                                Get Proxy element for: DefaultElementLocator &apos;By.xpath: //body[1]/div[2]/div[1]/div[1]/form[1]/div[1]/table[1]/tbody[1]/tr[1]/td[2]/a[1]&apos;<br />
                  </div>
    

        <a href="javascript:toggleElement('exception-1', 'block')" title="Click to expand/collapse"><b>org.openqa.selenium.NoSuchElementException: no such element: Unable to locate element: {&quot;method&quot;:&quot;xpath&quot;,&quot;selector&quot;:&quot;//body[1]/div[2]/div[1]/div[1]/form[1]/div[1]/table[1]/tbody[1]/tr[1]/td[2]/a[1]&quot;}<br/>
&nbsp; (Session info: chrome=126.0.6478.61)<br/>
For documentation on this error, please visit: https://www.selenium.dev/documentation/webdriver/troubleshooting/errors#no-such-element-exception<br/>
Build info: version: &apos;4.21.0&apos;, revision: &apos;79ed462ef4&apos;<br/>
System info: os.name: &apos;Windows 11&apos;, os.arch: &apos;amd64&apos;, os.version: &apos;10.0&apos;, java.version: &apos;17.0.8&apos;<br/>
Driver info: org.openqa.selenium.chrome.ChromeDriver<br/>
Command: [6fe45f2e9fe73f1e2cd337a7bc4ecf2f, findElement {value=//body[1]/div[2]/div[1]/div[1]/form[1]/div[1]/table[1]/tbody[1]/tr[1]/td[2]/a[1], using=xpath}]<br/>
Capabilities {acceptInsecureCerts: false, browserName: chrome, browserVersion: 126.0.6478.61, chrome: {chromedriverVersion: 126.0.6478.61 (8dc092df54ce..., userDataDir: C:\Users\Priya\AppData\Loca...}, fedcm:accounts: true, goog:chromeOptions: {debuggerAddress: localhost:52492}, networkConnectionEnabled: false, pageLoadStrategy: normal, platformName: windows, proxy: Proxy(), se:cdp: ws://localhost:52492/devtoo..., se:cdpVersion: 126.0.6478.61, setWindowRect: true, strictFileInteractability: false, timeouts: {implicit: 0, pageLoad: 300000, script: 30000}, unhandledPromptBehavior: dismiss and notify, webauthn:extension:credBlob: true, webauthn:extension:largeBlob: true, webauthn:extension:minPinLength: true, webauthn:extension:prf: true, webauthn:virtualAuthenticators: true}<br/>
Session ID: 6fe45f2e9fe73f1e2cd337a7bc4ecf2f</b></a><br />
    <div class="stackTrace" id="exception-1">
              java.base/jdk.internal.reflect.NativeConstructorAccessorImpl.newInstance0(Native Method)<br />
              java.base/jdk.internal.reflect.NativeConstructorAccessorImpl.newInstance(NativeConstructorAccessorImpl.java:77)<br />
              java.base/jdk.internal.reflect.DelegatingConstructorAccessorImpl.newInstance(DelegatingConstructorAccessorImpl.java:45)<br />
              java.base/java.lang.reflect.Constructor.newInstanceWithCaller(Constructor.java:499)<br />
              java.base/java.lang.reflect.Constructor.newInstance(Constructor.java:480)<br />
              org.openqa.selenium.remote.ErrorCodec.decode(ErrorCodec.java:167)<br />
              org.openqa.selenium.remote.codec.w3c.W3CHttpResponseCodec.decode(W3CHttpResponseCodec.java:138)<br />
              org.openqa.selenium.remote.codec.w3c.W3CHttpResponseCodec.decode(W3CHttpResponseCodec.java:50)<br />
              org.openqa.selenium.remote.HttpCommandExecutor.execute(HttpCommandExecutor.java:190)<br />
              org.openqa.selenium.remote.service.DriverCommandExecutor.invokeExecute(DriverCommandExecutor.java:216)<br />
              org.openqa.selenium.remote.service.DriverCommandExecutor.execute(DriverCommandExecutor.java:174)<br />
              org.openqa.selenium.remote.RemoteWebDriver.execute(RemoteWebDriver.java:518)<br />
              org.openqa.selenium.remote.ElementLocation$ElementFinder$2.findElement(ElementLocation.java:165)<br />
              org.openqa.selenium.remote.ElementLocation.findElement(ElementLocation.java:59)<br />
              org.openqa.selenium.remote.RemoteWebDriver.findElement(RemoteWebDriver.java:355)<br />
              org.openqa.selenium.remote.RemoteWebDriver.findElement(RemoteWebDriver.java:349)<br />
              org.openqa.selenium.support.pagefactory.DefaultElementLocator.findElement(DefaultElementLocator.java:68)<br />
              org.openqa.selenium.support.pagefactory.internal.LocatingElementHandler.invoke(LocatingElementHandler.java:38)<br />
              jdk.proxy2/jdk.proxy2.$Proxy17.getText(Unknown Source)<br />
              com.tutorialsninja.demo.utility.Utility.getTextFromElement(Utility.java:64)<br />
              com.tutorialsninja.demo.pages.ShoppingCartPage.getProductName(ShoppingCartPage.java:70)<br />
              com.tutorialsninja.demo.testsuite.LaptopsAndNotebooksTest.verifyThatUserPlaceOrderSuccessfully(LaptopsAndNotebooksTest.java:84)<br />
              java.base/jdk.internal.reflect.NativeMethodAccessorImpl.invoke0(Native Method)<br />
              java.base/jdk.internal.reflect.NativeMethodAccessorImpl.invoke(NativeMethodAccessorImpl.java:77)<br />
              java.base/jdk.internal.reflect.DelegatingMethodAccessorImpl.invoke(DelegatingMethodAccessorImpl.java:43)<br />
              java.base/java.lang.reflect.Method.invoke(Method.java:568)<br />
              org.testng.internal.invokers.MethodInvocationHelper.invokeMethod(MethodInvocationHelper.java:141)<br />
              org.testng.internal.invokers.TestInvoker.invokeMethod(TestInvoker.java:686)<br />
              org.testng.internal.invokers.TestInvoker.invokeTestMethod(TestInvoker.java:230)<br />
              org.testng.internal.invokers.MethodRunner.runInSequence(MethodRunner.java:63)<br />
              org.testng.internal.invokers.TestInvoker$MethodInvocationAgent.invoke(TestInvoker.java:992)<br />
              org.testng.internal.invokers.TestInvoker.invokeTestMethods(TestInvoker.java:203)<br />
              org.testng.internal.invokers.TestMethodWorker.invokeTestMethods(TestMethodWorker.java:154)<br />
              org.testng.internal.invokers.TestMethodWorker.run(TestMethodWorker.java:134)<br />
              java.base/java.util.ArrayList.forEach(ArrayList.java:1511)<br />
              org.testng.TestRunner.privateRun(TestRunner.java:739)<br />
              org.testng.TestRunner.run(TestRunner.java:614)<br />
              org.testng.SuiteRunner.runTest(SuiteRunner.java:421)<br />
              org.testng.SuiteRunner.runSequentially(SuiteRunner.java:413)<br />
              org.testng.SuiteRunner.privateRun(SuiteRunner.java:373)<br />
              org.testng.SuiteRunner.run(SuiteRunner.java:312)<br />
              org.testng.SuiteRunnerWorker.runSuite(SuiteRunnerWorker.java:52)<br />
              org.testng.SuiteRunnerWorker.run(SuiteRunnerWorker.java:95)<br />
              org.testng.TestNG.runSuitesSequentially(TestNG.java:1274)<br />
              org.testng.TestNG.runSuitesLocally(TestNG.java:1208)<br />
              org.testng.TestNG.runSuites(TestNG.java:1112)<br />
              org.testng.TestNG.run(TestNG.java:1079)<br />
              com.intellij.rt.testng.IDEARemoteTestNG.run(IDEARemoteTestNG.java:65)<br />
              com.intellij.rt.testng.RemoteTestNGStarter.main(RemoteTestNGStarter.java:105)<br />
                </div>
      </td>
</tr>
      </table>


  <table class="resultsTable">
    <tr><th colspan="3" class="header passed">Passed Tests</th></tr>
          <tr>
        <td colspan="3" class="group">com.tutorialsninja.demo.testsuite.DesktopsTest</td>
      </tr>
            
<tr>
  <td class="method">
                  verifyProductAddedToShoppingCartSuccessFullyWithData
      </td>
  <td class="duration">
    19.672s
  </td>
  <td class="result">
        
          <i>Method arguments: </i><span class="arguments">"Sony VAIO", "1", "Success: You have added Sony VAIO to your shopping cart!", "Sony VAIO", "Product 19", "£736.23"</span><br />
    
            <div class="testOutput">
                        Click on desktop [[ChromeDriver: chrome on windows (9a338f96d78254a7c73361ec7ca4b03d)] -&gt; link text: Desktops]<br />
                                Select Show AllDesktops from [[[ChromeDriver: chrome on windows (9a338f96d78254a7c73361ec7ca4b03d)] -&gt; xpath: //nav[@id=&apos;menu&apos;]//ul/li[contains(@class, &apos;open&apos;)]/div/child::*], [[ChromeDriver: chrome on windows (9a338f96d78254a7c73361ec7ca4b03d)] -&gt; xpath: //nav[@id=&apos;menu&apos;]//ul/li[contains(@class, &apos;open&apos;)]/div/child::*]]<br />
                                Select Name (A - Z) to sort by [[ChromeDriver: chrome on windows (9a338f96d78254a7c73361ec7ca4b03d)] -&gt; id: input-sort]<br />
                                Click on Sony VAIO<br />
                                Clear the text on [[ChromeDriver: chrome on windows (9a338f96d78254a7c73361ec7ca4b03d)] -&gt; xpath: //input[@id=&apos;input-quantity&apos;]]<br />
                                Click on [[ChromeDriver: chrome on windows (9a338f96d78254a7c73361ec7ca4b03d)] -&gt; id: button-cart]<br />
                                Get [[ChromeDriver: chrome on windows (9a338f96d78254a7c73361ec7ca4b03d)] -&gt; xpath: //div[@class=&apos;alert alert-success alert-dismissible&apos;]]<br />
                                Click on [[ChromeDriver: chrome on windows (9a338f96d78254a7c73361ec7ca4b03d)] -&gt; xpath: //a[normalize-space()=&apos;shopping cart&apos;]]<br />
                  </div>
    

      </td>
</tr>
<tr>
  <td class="method">
                  verifyProductArrangeInAlphaBaticalOrder
      </td>
  <td class="duration">
    1.589s
  </td>
  <td class="result">
        
    
            <div class="testOutput">
                        Click on desktop [[ChromeDriver: chrome on windows (c3ad8f547fc6c076aad737e82af269ef)] -&gt; link text: Desktops]<br />
                                Select Show AllDesktops from [[[ChromeDriver: chrome on windows (c3ad8f547fc6c076aad737e82af269ef)] -&gt; xpath: //nav[@id=&apos;menu&apos;]//ul/li[contains(@class, &apos;open&apos;)]/div/child::*], [[ChromeDriver: chrome on windows (c3ad8f547fc6c076aad737e82af269ef)] -&gt; xpath: //nav[@id=&apos;menu&apos;]//ul/li[contains(@class, &apos;open&apos;)]/div/child::*]]<br />
                                Select Name (Z - A) to sort by [[ChromeDriver: chrome on windows (c3ad8f547fc6c076aad737e82af269ef)] -&gt; id: input-sort]<br />
                                Get all products [[[ChromeDriver: chrome on windows (c3ad8f547fc6c076aad737e82af269ef)] -&gt; xpath: //div[@class=&apos;caption&apos;]//h4/a], [[ChromeDriver: chrome on windows (c3ad8f547fc6c076aad737e82af269ef)] -&gt; xpath: //div[@class=&apos;caption&apos;]//h4/a], [[ChromeDriver: chrome on windows (c3ad8f547fc6c076aad737e82af269ef)] -&gt; xpath: //div[@class=&apos;caption&apos;]//h4/a], [[ChromeDriver: chrome on windows (c3ad8f547fc6c076aad737e82af269ef)] -&gt; xpath: //div[@class=&apos;caption&apos;]//h4/a], [[ChromeDriver: chrome on windows (c3ad8f547fc6c076aad737e82af269ef)] -&gt; xpath: //div[@class=&apos;caption&apos;]//h4/a], [[ChromeDriver: chrome on windows (c3ad8f547fc6c076aad737e82af269ef)] -&gt; xpath: //div[@class=&apos;caption&apos;]//h4/a], [[ChromeDriver: chrome on windows (c3ad8f547fc6c076aad737e82af269ef)] -&gt; xpath: //div[@class=&apos;caption&apos;]//h4/a], [[ChromeDriver: chrome on windows (c3ad8f547fc6c076aad737e82af269ef)] -&gt; xpath: //div[@class=&apos;caption&apos;]//h4/a], [[ChromeDriver: chrome on windows (c3ad8f547fc6c076aad737e82af269ef)] -&gt; xpath: //div[@class=&apos;caption&apos;]//h4/a], [[ChromeDriver: chrome on windows (c3ad8f547fc6c076aad737e82af269ef)] -&gt; xpath: //div[@class=&apos;caption&apos;]//h4/a], [[ChromeDriver: chrome on windows (c3ad8f547fc6c076aad737e82af269ef)] -&gt; xpath: //div[@class=&apos;caption&apos;]//h4/a], [[ChromeDriver: chrome on windows (c3ad8f547fc6c076aad737e82af269ef)] -&gt; xpath: //div[@class=&apos;caption&apos;]//h4/a]]<br />
                                Get all product in reverse order [iPod Classic, iPhone, Sony VAIO, Samsung SyncMaster 941BW, Product 8, Palm Treo Pro, MacBook Air, MacBook, HTC Touch HD, HP LP3065, Canon EOS 5D, Apple Cinema 30&quot;]<br />
                  </div>
    

      </td>
</tr>
          <tr>
        <td colspan="3" class="group">com.tutorialsninja.demo.testsuite.LaptopsAndNotebooksTest</td>
      </tr>
            
<tr>
  <td class="method">
                  verifyProductsPriceDisplayHighToLowSuccessfully
      </td>
  <td class="duration">
    8.124s
  </td>
  <td class="result">
        
    
            <div class="testOutput">
                        Click on laptops and notebooks [[ChromeDriver: chrome on windows (629a8b0a0c01ddddabb50cbd5bdd0881)] -&gt; link text: Laptops &amp; Notebooks]<br />
                                Select Show AllLaptops &amp; Notebooks from [[[ChromeDriver: chrome on windows (629a8b0a0c01ddddabb50cbd5bdd0881)] -&gt; xpath: //nav[@id=&apos;menu&apos;]//ul/li[contains(@class, &apos;open&apos;)]/div/child::*], [[ChromeDriver: chrome on windows (629a8b0a0c01ddddabb50cbd5bdd0881)] -&gt; xpath: //nav[@id=&apos;menu&apos;]//ul/li[contains(@class, &apos;open&apos;)]/div/child::*]]<br />
                                Select option from [[ChromeDriver: chrome on windows (629a8b0a0c01ddddabb50cbd5bdd0881)] -&gt; id: input-sort]<br />
                                Get product prices [[[ChromeDriver: chrome on windows (629a8b0a0c01ddddabb50cbd5bdd0881)] -&gt; xpath: //p[@class =&apos;price&apos;]], [[ChromeDriver: chrome on windows (629a8b0a0c01ddddabb50cbd5bdd0881)] -&gt; xpath: //p[@class =&apos;price&apos;]], [[ChromeDriver: chrome on windows (629a8b0a0c01ddddabb50cbd5bdd0881)] -&gt; xpath: //p[@class =&apos;price&apos;]], [[ChromeDriver: chrome on windows (629a8b0a0c01ddddabb50cbd5bdd0881)] -&gt; xpath: //p[@class =&apos;price&apos;]], [[ChromeDriver: chrome on windows (629a8b0a0c01ddddabb50cbd5bdd0881)] -&gt; xpath: //p[@class =&apos;price&apos;]]]<br />
                                Get product prices [[[ChromeDriver: chrome on windows (629a8b0a0c01ddddabb50cbd5bdd0881)] -&gt; xpath: //p[@class =&apos;price&apos;]], [[ChromeDriver: chrome on windows (629a8b0a0c01ddddabb50cbd5bdd0881)] -&gt; xpath: //p[@class =&apos;price&apos;]], [[ChromeDriver: chrome on windows (629a8b0a0c01ddddabb50cbd5bdd0881)] -&gt; xpath: //p[@class =&apos;price&apos;]], [[ChromeDriver: chrome on windows (629a8b0a0c01ddddabb50cbd5bdd0881)] -&gt; xpath: //p[@class =&apos;price&apos;]], [[ChromeDriver: chrome on windows (629a8b0a0c01ddddabb50cbd5bdd0881)] -&gt; xpath: //p[@class =&apos;price&apos;]]]<br />
                  </div>
    

      </td>
</tr>
          <tr>
        <td colspan="3" class="group">com.tutorialsninja.demo.testsuite.TopMenuTest</td>
      </tr>
            
<tr>
  <td class="method">
                  verifyUserShouldNavigateToComponentsPageSuccessfully
      </td>
  <td class="duration">
    0.752s
  </td>
  <td class="result">
        
    
            <div class="testOutput">
                        Click on components [[ChromeDriver: chrome on windows (756dd19bc2351e34ba6dc12e646cc3cd)] -&gt; link text: Components]<br />
                                Select Show AllComponents from [[[ChromeDriver: chrome on windows (756dd19bc2351e34ba6dc12e646cc3cd)] -&gt; xpath: //nav[@id=&apos;menu&apos;]//ul/li[contains(@class, &apos;open&apos;)]/div/child::*], [[ChromeDriver: chrome on windows (756dd19bc2351e34ba6dc12e646cc3cd)] -&gt; xpath: //nav[@id=&apos;menu&apos;]//ul/li[contains(@class, &apos;open&apos;)]/div/child::*]]<br />
                                Get component text[[ChromeDriver: chrome on windows (756dd19bc2351e34ba6dc12e646cc3cd)] -&gt; xpath: //h2[contains(text(),&apos;Components&apos;)]]<br />
                  </div>
    

      </td>
</tr>
<tr>
  <td class="method">
                  verifyUserShouldNavigateToDesktopsPageSuccessfully
      </td>
  <td class="duration">
    0.956s
  </td>
  <td class="result">
        
    
            <div class="testOutput">
                        Click on desktop [[ChromeDriver: chrome on windows (c5991254705d4791b4939d89eca9afd6)] -&gt; link text: Desktops]<br />
                                Select Show AllDesktops from [[[ChromeDriver: chrome on windows (c5991254705d4791b4939d89eca9afd6)] -&gt; xpath: //nav[@id=&apos;menu&apos;]//ul/li[contains(@class, &apos;open&apos;)]/div/child::*], [[ChromeDriver: chrome on windows (c5991254705d4791b4939d89eca9afd6)] -&gt; xpath: //nav[@id=&apos;menu&apos;]//ul/li[contains(@class, &apos;open&apos;)]/div/child::*]]<br />
                                Get desktop text[[ChromeDriver: chrome on windows (c5991254705d4791b4939d89eca9afd6)] -&gt; xpath: //h2[contains(text(),&apos;Desktops&apos;)]]<br />
                  </div>
    

      </td>
</tr>
<tr>
  <td class="method">
                  verifyUserShouldNavigateToLaptopsAndNotebooksPageSuccessfully
      </td>
  <td class="duration">
    0.740s
  </td>
  <td class="result">
        
    
            <div class="testOutput">
                        Click on laptops and notebooks [[ChromeDriver: chrome on windows (565986f8e8f027a0b5a3be3a45836940)] -&gt; link text: Laptops &amp; Notebooks]<br />
                                Select Show AllLaptops &amp; Notebooks from [[[ChromeDriver: chrome on windows (565986f8e8f027a0b5a3be3a45836940)] -&gt; xpath: //nav[@id=&apos;menu&apos;]//ul/li[contains(@class, &apos;open&apos;)]/div/child::*], [[ChromeDriver: chrome on windows (565986f8e8f027a0b5a3be3a45836940)] -&gt; xpath: //nav[@id=&apos;menu&apos;]//ul/li[contains(@class, &apos;open&apos;)]/div/child::*]]<br />
                                Get text [[ChromeDriver: chrome on windows (565986f8e8f027a0b5a3be3a45836940)] -&gt; xpath: //h2[contains(text(),&apos;Laptops &amp; Notebooks&apos;)]]<br />
                  </div>
    

      </td>
</tr>
      </table>
  
</body>
</html>
