<?xml version="1.0" encoding="UTF-8"?>
<testsuite name="Login Test"
           tests="3"
           failures="0"
           errors="0"
           skipped="0"
           time="2.448">
  <properties />
  
  
            <testcase name="verifyUserShouldNavigateToComponentsPageSuccessfully" time="0.752" classname="com.tutorialsninja.demo.testsuite.TopMenuTest" />
                <testcase name="verifyUserShouldNavigateToLaptopsAndNotebooksPageSuccessfully" time="0.740" classname="com.tutorialsninja.demo.testsuite.TopMenuTest" />
                <testcase name="verifyUserShouldNavigateToDesktopsPageSuccessfully" time="0.956" classname="com.tutorialsninja.demo.testsuite.TopMenuTest" />
      
</testsuite>
